<?xml version="1.0" encoding="UTF-8"?>
<!-- Generated by org.testng.reporters.JUnitReportReporter -->
<testsuite hostname="IN-CF1D5S3" failures="0" tests="1" name="Demo.Dummy.AppTest" time="10.897" errors="0" timestamp="2024-04-14T01:41:53 IST" skipped="0">
  <testcase classname="Demo.Dummy.AppTest" name="openFlipkart" time="10.897"/>
  <system-out/>
</testsuite> <!-- Demo.Dummy.AppTest -->
